\BOOKMARK [0][-]{chapter*.1}{摘要}{}% 1
\BOOKMARK [0][-]{chapter*.2}{Abstract}{}% 2
\BOOKMARK [0][-]{chapter.1}{绪论}{}% 3
\BOOKMARK [1][-]{section.1.1}{背景与意义}{chapter.1}% 4
\BOOKMARK [1][-]{section.1.2}{现有系统的特点与问题}{chapter.1}% 5
\BOOKMARK [2][-]{subsection.1.2.1}{FARSIGHT}{section.1.2}% 6
\BOOKMARK [2][-]{subsection.1.2.2}{neuTube}{section.1.2}% 7
\BOOKMARK [1][-]{section.1.3}{论文结构}{chapter.1}% 8
\BOOKMARK [1][-]{section.1.4}{本章小结}{chapter.1}% 9
\BOOKMARK [0][-]{chapter.2}{整体架构与技术选型}{}% 10
\BOOKMARK [1][-]{section.2.1}{整体架构}{chapter.2}% 11
\BOOKMARK [2][-]{subsection.2.1.1}{用户信息数据流}{section.2.1}% 12
\BOOKMARK [2][-]{subsection.2.1.2}{神经信息数据流}{section.2.1}% 13
\BOOKMARK [1][-]{section.2.2}{技术选型}{chapter.2}% 14
\BOOKMARK [2][-]{subsection.2.2.1}{神经信息数据库}{section.2.2}% 15
\BOOKMARK [2][-]{subsection.2.2.2}{用户信息数据库}{section.2.2}% 16
\BOOKMARK [2][-]{subsection.2.2.3}{网络服务器}{section.2.2}% 17
\BOOKMARK [1][-]{section.2.3}{本章小结}{chapter.2}% 18
\BOOKMARK [0][-]{chapter.3}{平台搭建与性能调优}{}% 19
\BOOKMARK [1][-]{section.3.1}{数字重建结果的表示}{chapter.3}% 20
\BOOKMARK [1][-]{section.3.2}{数据库结构设计}{chapter.3}% 21
\BOOKMARK [2][-]{subsection.3.2.1}{用户信息数据库}{section.3.2}% 22
\BOOKMARK [2][-]{subsection.3.2.2}{神经信息数据库}{section.3.2}% 23
\BOOKMARK [1][-]{section.3.3}{基础平台的搭建}{chapter.3}% 24
\BOOKMARK [2][-]{subsection.3.3.1}{跨浏览器兼容}{section.3.3}% 25
\BOOKMARK [2][-]{subsection.3.3.2}{原始图像信息传输}{section.3.3}% 26
\BOOKMARK [1][-]{section.3.4}{平台硬件架构}{chapter.3}% 27
\BOOKMARK [1][-]{section.3.5}{性能优化}{chapter.3}% 28
\BOOKMARK [2][-]{subsection.3.5.1}{优化获取结构脑胞体的响应时间}{section.3.5}% 29
\BOOKMARK [2][-]{subsection.3.5.2}{使用 Redis 和负载均衡降低响应时间}{section.3.5}% 30
\BOOKMARK [1][-]{section.3.6}{本章小结}{chapter.3}% 31
\BOOKMARK [0][-]{chapter.4}{实验成果}{}% 32
\BOOKMARK [0][-]{chapter.5}{性能分析}{}% 33
\BOOKMARK [1][-]{section.5.1}{请求响应时间分析}{chapter.5}% 34
\BOOKMARK [1][-]{section.5.2}{响应请求数量分析}{chapter.5}% 35
\BOOKMARK [0][-]{chapter.6}{总结与展望}{}% 36
\BOOKMARK [0][-]{chapter*.4}{参考文献}{}% 37
\BOOKMARK [0][-]{chapter*.5}{致谢}{}% 38
