\BOOKMARK [0][-]{chapter*.1}{\376\377\122\330\000\040\000\040\213\357\000\040\000\040\210\150}{}% 1
\BOOKMARK [0][-]{chapter*.2}{\376\377\201\364\000\040\000\040\214\042}{}% 2
\BOOKMARK [0][-]{chapter*.3}{\376\377\136\217\000\040\000\040\212\000}{}% 3
\BOOKMARK [0][-]{chapter*.4}{\376\377\144\130\000\040\000\040\211\201}{}% 4
\BOOKMARK [0][-]{chapter*.5}{\376\377\000A\000b\000s\000t\000r\000a\000c\000t}{}% 5
\BOOKMARK [0][-]{chapter*.6}{\376\377\143\322\126\376}{}% 6
\BOOKMARK [0][-]{chapter*.7}{\376\377\210\150\150\074}{}% 7
\BOOKMARK [0][-]{chapter*.8}{\376\377\177\051\121\231\060\001\173\046\123\367\156\005\123\125\060\001\147\057\213\355\210\150}{}% 8
\BOOKMARK [0][-]{chapter*.9}{\376\377\166\356\137\125}{}% 9
\BOOKMARK [0][-]{chapter.1}{\376\377\173\200\116\313}{}% 10
\BOOKMARK [1][-]{section.1.1}{\376\377\116\072\116\300\116\110}{chapter.1}% 11
\BOOKMARK [1][-]{section.1.2}{\376\377\152\041\162\110\173\200\116\313}{chapter.1}% 12
\BOOKMARK [0][-]{chapter.2}{\376\377\217\157\116\366\163\257\130\203\123\312\213\276\177\156}{}% 13
\BOOKMARK [1][-]{section.2.1}{\376\377\000M\000i\000c\000r\000o\000s\000o\000f\000t\000\040\000W\000i\000n\000d\000o\000w\000s\174\373\176\337}{chapter.2}% 14
\BOOKMARK [1][-]{section.2.2}{\376\377\000l\000i\000n\000u\000x\174\373\176\337}{chapter.2}% 15
\BOOKMARK [1][-]{section.2.3}{\376\377\000M\000a\000c\174\373\176\337}{chapter.2}% 16
\BOOKMARK [1][-]{section.2.4}{\376\377\147\054\152\041\162\110\142\100\227\000\211\201\166\204\142\151\134\125\123\005}{chapter.2}% 17
\BOOKMARK [1][-]{section.2.5}{\376\377\155\113\213\325\217\320\210\114}{chapter.2}% 18
\BOOKMARK [0][-]{chapter.3}{\376\377\117\177\165\050\213\345\152\041\162\110}{}% 19
\BOOKMARK [1][-]{section.3.1}{\376\377\152\041\162\110\220\011\230\171}{chapter.3}% 20
\BOOKMARK [1][-]{section.3.2}{\376\377\213\272\145\207\134\001\227\142\230\230\124\015\117\341\140\157}{chapter.3}% 21
\BOOKMARK [1][-]{section.3.3}{\376\377\133\236\142\030\377\032\165\037\142\020\201\352\135\361\166\204\213\272\145\207\173\054\116\000\230\165}{chapter.3}% 22
\BOOKMARK [1][-]{section.3.4}{\376\377\133\214\142\020\230\230\124\015\230\165\117\341\140\157}{chapter.3}% 23
\BOOKMARK [1][-]{section.3.5}{\376\377\153\143\145\207\220\350\122\006\124\004\172\340\202\202\166\204\116\146\121\231}{chapter.3}% 24
\BOOKMARK [1][-]{section.3.6}{\376\377\143\322\121\145\126\376\162\107}{chapter.3}% 25
\BOOKMARK [1][-]{section.3.7}{\376\377\143\322\121\145\210\150\150\074}{chapter.3}% 26
\BOOKMARK [1][-]{section.3.8}{\376\377\121\154\137\017\123\312\121\166\177\026\123\367}{chapter.3}% 27
\BOOKMARK [1][-]{section.3.9}{\376\377\175\042\137\025}{chapter.3}% 28
\BOOKMARK [1][-]{section.3.10}{\376\377\123\302\200\003\145\207\163\056}{chapter.3}% 29
\BOOKMARK [1][-]{section.3.11}{\376\377\201\032\154\350}{chapter.3}% 30
\BOOKMARK [1][-]{section.3.12}{\376\377\221\315\160\271\133\127\173\046\377\014\221\222\166\356\150\007\171\072}{chapter.3}% 31
\BOOKMARK [0][-]{chapter.4}{\376\377\116\000\116\233\117\177\165\050\142\200\135\347}{}% 32
\BOOKMARK [0][-]{chapter.5}{\376\377\123\302\200\003\145\207\163\056\150\074\137\017\131\004\164\006}{}% 33
\BOOKMARK [1][-]{section.5.1}{\376\377\116\000\202\054\131\004\164\006\145\271\150\110}{chapter.5}% 34
\BOOKMARK [1][-]{section.5.2}{\376\377\116\023\116\032\131\004\164\006\145\271\150\110}{chapter.5}% 35
\BOOKMARK [1][-]{section.5.3}{\376\377\123\302\200\003\215\104\145\231}{chapter.5}% 36
\BOOKMARK [1][-]{section.5.4}{\376\377\000L\000a\000T\000e\000X\123\302\200\003\145\207\163\056\176\304\176\307\140\035\215\357}{chapter.5}% 37
\BOOKMARK [1][-]{section.5.5}{\376\377\131\202\117\125\213\251\000B\000i\000b\000T\000e\000X\143\011\117\140\166\204\140\363\154\325\136\162\155\073}{chapter.5}% 38
\BOOKMARK [1][-]{section.5.6}{\376\377\121\163\225\056\142\100\127\050\377\032\000*\000.\000b\000s\000t\145\207\116\366}{chapter.5}% 39
\BOOKMARK [1][-]{section.5.7}{\376\377\000*\000.\000m\000b\000s\116\016\000*\000.\000d\000b\000j\145\207\116\366}{chapter.5}% 40
\BOOKMARK [0][-]{chapter.6}{\376\377\121\166\116\326\116\000\116\233\123\315\231\210\166\204\225\356\230\230}{}% 41
\BOOKMARK [1][-]{section.6.1}{\376\377\121\163\116\216\117\177\165\050\000a\000u\000t\000h\000o\000r\000\040\000y\000e\000a\000r\000\040\123\302\200\003\145\207\163\056\137\025\165\050\145\271\137\017\166\204\225\356\230\230}{chapter.6}% 42
\BOOKMARK [1][-]{section.6.2}{\376\377\121\163\116\216\000c\000h\000a\000p\000t\000e\000r\134\105\116\055\150\074\137\017\166\204\225\356\230\230}{chapter.6}% 43
\BOOKMARK [1][-]{section.6.3}{\376\377\121\163\116\216\172\340\176\247\166\356\137\125\147\011\145\366\134\105\116\055\147\011\145\366\116\015\134\105\116\055\166\204\211\343\121\263\145\271\150\110}{chapter.6}% 44
\BOOKMARK [1][-]{section.6.4}{\376\377\121\163\116\216\150\007\230\230\116\044\210\114\217\330\121\231\116\015\116\013\166\204\225\356\230\230}{chapter.6}% 45
\BOOKMARK [1][-]{section.6.5}{\376\377\166\356\137\125\134\102\153\041\116\016\133\120\166\356\137\125\122\006\134\102\177\051\217\333}{chapter.6}% 46
\BOOKMARK [1][-]{section.6.6}{\376\377\121\163\116\216\122\006\172\340\123\302\200\003\145\207\163\056\166\204\165\050\154\325}{chapter.6}% 47
\BOOKMARK [1][-]{section.6.7}{\376\377\173\054\000X\172\340\150\074\137\017\166\204\117\356\145\071}{chapter.6}% 48
\BOOKMARK [1][-]{section.6.8}{\376\377\131\032\116\052\123\302\200\003\145\207\163\056\145\207\116\055\150\007\150\074\137\017}{chapter.6}% 49
\BOOKMARK [1][-]{section.6.9}{\376\377\121\163\116\216\153\317\116\000\172\340\150\007\230\230\131\064\116\012\166\204\172\172\166\175\220\350\122\006}{chapter.6}% 50
\BOOKMARK [1][-]{section.6.10}{\376\377\000G\000B\000K\116\016\000U\000T\000F\162\110\147\054\166\204\225\356\230\230}{chapter.6}% 51
\BOOKMARK [0][-]{chapter*.23}{\376\377\123\302\200\003\145\207\163\056}{}% 52
\BOOKMARK [0][-]{appendix*.24}{\376\377\226\104\137\125\000A}{}% 53
\BOOKMARK [0][-]{appendix*.25}{\376\377\226\104\137\125\000B}{}% 54
\BOOKMARK [0][-]{section*.26}{\376\377\175\042\137\025}{}% 55
\BOOKMARK [0][-]{appendix*.27}{\376\377\117\134\200\005\173\200\123\206}{}% 56
\BOOKMARK [0][-]{appendix*.28}{\376\377\123\321\210\150\145\207\172\340\166\356\137\125}{}% 57
